# JRE version: OpenJDK Runtime Environment (8.0_152-b01) (build 1.8.0_152-release-1248-b01)
# Java VM: OpenJDK 64-Bit Server VM (25.152-b01 mixed mode windows-amd64 compressed oops)
Heap:
 PSYoungGen      total 450048K, used 136941K [0x00000000e0000000, 0x00000000ff700000, 0x0000000100000000)
  eden space 392192K, 27% used [0x00000000e0000000,0x00000000e699aa70,0x00000000f7f00000)
  from space 57856K, 49% used [0x00000000fbe80000,0x00000000fdaa0c88,0x00000000ff700000)
  to   space 61440K, 0% used [0x00000000f7f00000,0x00000000f7f00000,0x00000000fbb00000)
 ParOldGen       total 205312K, used 152811K [0x00000000a0000000, 0x00000000ac880000, 0x00000000e0000000)
  object space 205312K, 74% used [0x00000000a0000000,0x00000000a953aea8,0x00000000ac880000)
 Metaspace       used 205451K, capacity 212982K, committed 212992K, reserved 1236992K
  class space    used 24210K, capacity 25847K, committed 25856K, reserved 1048576K
GC Heap History (10 events):
Event: 6833.940 GC heap before
{Heap before GC invocations=21 (full 4):
 PSYoungGen      total 396800K, used 396771K [0x00000000e0000000, 0x0000000100000000, 0x0000000100000000)
  eden space 372736K, 100% used [0x00000000e0000000,0x00000000f6c00000,0x00000000f6c00000)
  from space 24064K, 99% used [0x00000000fa200000,0x00000000fb978ed0,0x00000000fb980000)
  to   space 55296K, 0% used [0x00000000f6c00000,0x00000000f6c00000,0x00000000fa200000)
 ParOldGen       total 133632K, used 104483K [0x00000000a0000000, 0x00000000a8280000, 0x00000000e0000000)
  object space 133632K, 78% used [0x00000000a0000000,0x00000000a6608e98,0x00000000a8280000)
 Metaspace       used 157147K, capacity 162160K, committed 162560K, reserved 1191936K
  class space    used 18672K, capacity 19834K, committed 19968K, reserved 1048576K
Event: 6839.038 GC heap after
Heap after GC invocations=21 (full 4):
 PSYoungGen      total 428032K, used 54312K [0x00000000e0000000, 0x0000000100000000, 0x0000000100000000)
  eden space 372736K, 0% used [0x00000000e0000000,0x00000000e0000000,0x00000000f6c00000)
  from space 55296K, 98% used [0x00000000f6c00000,0x00000000fa10a120,0x00000000fa200000)
  to   space 64000K, 0% used [0x00000000fc180000,0x00000000fc180000,0x0000000100000000)
 ParOldGen       total 133632K, used 115916K [0x00000000a0000000, 0x00000000a8280000, 0x00000000e0000000)
  object space 133632K, 86% used [0x00000000a0000000,0x00000000a71332b8,0x00000000a8280000)
 Metaspace       used 157147K, capacity 162160K, committed 162560K, reserved 1191936K
  class space    used 18672K, capacity 19834K, committed 19968K, reserved 1048576K
}
Event: 6839.038 GC heap before
{Heap before GC invocations=22 (full 5):
 PSYoungGen      total 428032K, used 54312K [0x00000000e0000000, 0x0000000100000000, 0x0000000100000000)
  eden space 372736K, 0% used [0x00000000e0000000,0x00000000e0000000,0x00000000f6c00000)
  from space 55296K, 98% used [0x00000000f6c00000,0x00000000fa10a120,0x00000000fa200000)
  to   space 64000K, 0% used [0x00000000fc180000,0x00000000fc180000,0x0000000100000000)
 ParOldGen       total 133632K, used 115916K [0x00000000a0000000, 0x00000000a8280000, 0x00000000e0000000)
  object space 133632K, 86% used [0x00000000a0000000,0x00000000a71332b8,0x00000000a8280000)
 Metaspace       used 157147K, capacity 162160K, committed 162560K, reserved 1191936K
  class space    used 18672K, capacity 19834K, committed 19968K, reserved 1048576K
Event: 6841.316 GC heap after
Heap after GC invocations=22 (full 5):
 PSYoungGen      total 428032K, used 18447K [0x00000000e0000000, 0x0000000100000000, 0x0000000100000000)
  eden space 372736K, 0% used [0x00000000e0000000,0x00000000e0000000,0x00000000f6c00000)
  from space 55296K, 33% used [0x00000000f6c00000,0x00000000f7e03fb0,0x00000000fa200000)
  to   space 64000K, 0% used [0x00000000fc180000,0x00000000fc180000,0x0000000100000000)
 ParOldGen       total 205312K, used 133250K [0x00000000a0000000, 0x00000000ac880000, 0x00000000e0000000)
  object space 205312K, 64% used [0x00000000a0000000,0x00000000a8220810,0x00000000ac880000)
 Metaspace       used 157147K, capacity 162160K, committed 162560K, reserved 1191936K
  class space    used 18672K, capacity 19834K, committed 19968K, reserved 1048576K
}
Event: 6895.218 GC heap before
{Heap before GC invocations=23 (full 5):
 PSYoungGen      total 428032K, used 391183K [0x00000000e0000000, 0x0000000100000000, 0x0000000100000000)
  eden space 372736K, 100% used [0x00000000e0000000,0x00000000f6c00000,0x00000000f6c00000)
  from space 55296K, 33% used [0x00000000f6c00000,0x00000000f7e03fb0,0x00000000fa200000)
  to   space 64000K, 0% used [0x00000000fc180000,0x00000000fc180000,0x0000000100000000)
 ParOldGen       total 205312K, used 133250K [0x00000000a0000000, 0x00000000ac880000, 0x00000000e0000000)
  object space 205312K, 64% used [0x00000000a0000000,0x00000000a8220810,0x00000000ac880000)
 Metaspace       used 182715K, capacity 188690K, committed 188928K, reserved 1214464K
  class space    used 21605K, capacity 22933K, committed 23040K, reserved 1048576K
Event: 6895.428 GC heap after
Heap after GC invocations=23 (full 5):
 PSYoungGen      total 453120K, used 44989K [0x00000000e0000000, 0x0000000100000000, 0x0000000100000000)
  eden space 389120K, 0% used [0x00000000e0000000,0x00000000e0000000,0x00000000f7c00000)
  from space 64000K, 70% used [0x00000000fc180000,0x00000000fed6f668,0x0000000100000000)
  to   space 67584K, 0% used [0x00000000f7c00000,0x00000000f7c00000,0x00000000fbe00000)
 ParOldGen       total 205312K, used 133795K [0x00000000a0000000, 0x00000000ac880000, 0x00000000e0000000)
  object space 205312K, 65% used [0x00000000a0000000,0x00000000a82a8da8,0x00000000ac880000)
 Metaspace       used 182715K, capacity 188690K, committed 188928K, reserved 1214464K
  class space    used 21605K, capacity 22933K, committed 23040K, reserved 1048576K
}
Event: 7024.044 GC heap before
{Heap before GC invocations=24 (full 5):
 PSYoungGen      total 453120K, used 433539K [0x00000000e0000000, 0x0000000100000000, 0x0000000100000000)
  eden space 389120K, 99% used [0x00000000e0000000,0x00000000f7b71938,0x00000000f7c00000)
  from space 64000K, 70% used [0x00000000fc180000,0x00000000fed6f668,0x0000000100000000)
  to   space 67584K, 0% used [0x00000000f7c00000,0x00000000f7c00000,0x00000000fbe00000)
 ParOldGen       total 205312K, used 133795K [0x00000000a0000000, 0x00000000ac880000, 0x00000000e0000000)
  object space 205312K, 65% used [0x00000000a0000000,0x00000000a82a8da8,0x00000000ac880000)
 Metaspace       used 188549K, capacity 195326K, committed 195328K, reserved 1220608K
  class space    used 22362K, capacity 23807K, committed 23808K, reserved 1048576K
Event: 7024.114 GC heap after
Heap after GC invocations=24 (full 5):
 PSYoungGen      total 456704K, used 22771K [0x00000000e0000000, 0x00000000ffd80000, 0x0000000100000000)
  eden space 389120K, 0% used [0x00000000e0000000,0x00000000e0000000,0x00000000f7c00000)
  from space 67584K, 33% used [0x00000000f7c00000,0x00000000f923cf90,0x00000000fbe00000)
  to   space 64512K, 0% used [0x00000000fbe80000,0x00000000fbe80000,0x00000000ffd80000)
 ParOldGen       total 205312K, used 151530K [0x00000000a0000000, 0x00000000ac880000, 0x00000000e0000000)
  object space 205312K, 73% used [0x00000000a0000000,0x00000000a93fa978,0x00000000ac880000)
 Metaspace       used 188549K, capacity 195326K, committed 195328K, reserved 1220608K
  class space    used 22362K, capacity 23807K, committed 23808K, reserved 1048576K
}
Event: 8644.682 GC heap before
{Heap before GC invocations=25 (full 5):
 PSYoungGen      total 456704K, used 411891K [0x00000000e0000000, 0x00000000ffd80000, 0x0000000100000000)
  eden space 389120K, 100% used [0x00000000e0000000,0x00000000f7c00000,0x00000000f7c00000)
  from space 67584K, 33% used [0x00000000f7c00000,0x00000000f923cf90,0x00000000fbe00000)
  to   space 64512K, 0% used [0x00000000fbe80000,0x00000000fbe80000,0x00000000ffd80000)
 ParOldGen       total 205312K, used 151530K [0x00000000a0000000, 0x00000000ac880000, 0x00000000e0000000)
  object space 205312K, 73% used [0x00000000a0000000,0x00000000a93fa978,0x00000000ac880000)
 Metaspace       used 197640K, capacity 204854K, committed 204928K, reserved 1228800K
  class space    used 23384K, capacity 24951K, committed 24960K, reserved 1048576K
Event: 8700.883 GC heap after
Heap after GC invocations=25 (full 5):
 PSYoungGen      total 450048K, used 28803K [0x00000000e0000000, 0x00000000ff700000, 0x0000000100000000)
  eden space 392192K, 0% used [0x00000000e0000000,0x00000000e0000000,0x00000000f7f00000)
  from space 57856K, 49% used [0x00000000fbe80000,0x00000000fdaa0c88,0x00000000ff700000)
  to   space 61440K, 0% used [0x00000000f7f00000,0x00000000f7f00000,0x00000000fbb00000)
 ParOldGen       total 205312K, used 152811K [0x00000000a0000000, 0x00000000ac880000, 0x00000000e0000000)
  object space 205312K, 74% used [0x00000000a0000000,0x00000000a953aea8,0x00000000ac880000)
 Metaspace       used 197640K, capacity 204854K, committed 204928K, reserved 1228800K
  class space    used 23384K, capacity 24951K, committed 24960K, reserved 1048576K
}

